{"D:\\workspace_js\\guidewheelfrontend\\src\\App.js": {"path":"D:\\workspace_js\\guidewheelfrontend\\src\\App.js","statementMap":{"0":{"start":{"line":10,"column":12},"end":{"line":54,"column":1}},"1":{"start":{"line":11,"column":2},"end":{"line":53,"column":4}}},"fnMap":{"0":{"name":"(anonymous_0)","decl":{"start":{"line":10,"column":12},"end":{"line":10,"column":13}},"loc":{"start":{"line":10,"column":18},"end":{"line":54,"column":1}},"line":10}},"branchMap":{},"s":{"0":1,"1":2},"f":{"0":2},"b":{},"_coverageSchema":"1a1c01bbd47fc00a2c39e90264f33305004495a9","hash":"c994f3366c32c33ab5942624209138b7f13bc183"}
,"D:\\workspace_js\\guidewheelfrontend\\src\\HomePage.js": {"path":"D:\\workspace_js\\guidewheelfrontend\\src\\HomePage.js","statementMap":{"0":{"start":{"line":1,"column":17},"end":{"line":83,"column":1}},"1":{"start":{"line":2,"column":2},"end":{"line":82,"column":4}}},"fnMap":{"0":{"name":"(anonymous_0)","decl":{"start":{"line":1,"column":17},"end":{"line":1,"column":18}},"loc":{"start":{"line":1,"column":23},"end":{"line":83,"column":1}},"line":1}},"branchMap":{},"s":{"0":1,"1":2},"f":{"0":2},"b":{},"_coverageSchema":"1a1c01bbd47fc00a2c39e90264f33305004495a9","hash":"38bccc7e8064c18c172cf1ad1454a3b4905b7004"}
,"D:\\workspace_js\\guidewheelfrontend\\src\\LineChartPage.js": {"path":"D:\\workspace_js\\guidewheelfrontend\\src\\LineChartPage.js","statementMap":{"0":{"start":{"line":18,"column":15},"end":{"line":18,"column":67}},"1":{"start":{"line":20,"column":22},"end":{"line":103,"column":1}},"2":{"start":{"line":21,"column":34},"end":{"line":21,"column":75}},"3":{"start":{"line":22,"column":34},"end":{"line":22,"column":73}},"4":{"start":{"line":23,"column":26},"end":{"line":23,"column":40}},"5":{"start":{"line":25,"column":20},"end":{"line":39,"column":3}},"6":{"start":{"line":26,"column":4},"end":{"line":38,"column":5}},"7":{"start":{"line":27,"column":26},"end":{"line":27,"column":46}},"8":{"start":{"line":28,"column":26},"end":{"line":28,"column":46}},"9":{"start":{"line":30,"column":23},"end":{"line":30,"column":82}},"10":{"start":{"line":32,"column":23},"end":{"line":32,"column":44}},"11":{"start":{"line":33,"column":23},"end":{"line":33,"column":44}},"12":{"start":{"line":35,"column":6},"end":{"line":35,"column":24}},"13":{"start":{"line":37,"column":6},"end":{"line":37,"column":51}},"14":{"start":{"line":41,"column":21},"end":{"line":43,"column":3}},"15":{"start":{"line":42,"column":4},"end":{"line":42,"column":44}},"16":{"start":{"line":45,"column":21},"end":{"line":47,"column":3}},"17":{"start":{"line":46,"column":4},"end":{"line":46,"column":32}},"18":{"start":{"line":49,"column":2},"end":{"line":102,"column":4}},"19":{"start":{"line":73,"column":76},"end":{"line":76,"column":21}}},"fnMap":{"0":{"name":"(anonymous_0)","decl":{"start":{"line":20,"column":22},"end":{"line":20,"column":23}},"loc":{"start":{"line":20,"column":28},"end":{"line":103,"column":1}},"line":20},"1":{"name":"(anonymous_1)","decl":{"start":{"line":25,"column":20},"end":{"line":25,"column":21}},"loc":{"start":{"line":25,"column":32},"end":{"line":39,"column":3}},"line":25},"2":{"name":"(anonymous_2)","decl":{"start":{"line":41,"column":21},"end":{"line":41,"column":22}},"loc":{"start":{"line":41,"column":31},"end":{"line":43,"column":3}},"line":41},"3":{"name":"(anonymous_3)","decl":{"start":{"line":45,"column":21},"end":{"line":45,"column":22}},"loc":{"start":{"line":45,"column":31},"end":{"line":47,"column":3}},"line":45},"4":{"name":"(anonymous_4)","decl":{"start":{"line":73,"column":51},"end":{"line":73,"column":52}},"loc":{"start":{"line":73,"column":76},"end":{"line":76,"column":21}},"line":73}},"branchMap":{"0":{"loc":{"start":{"line":68,"column":13},"end":{"line":97,"column":13}},"type":"binary-expr","locations":[{"start":{"line":68,"column":13},"end":{"line":68,"column":17}},{"start":{"line":69,"column":14},"end":{"line":96,"column":20}}],"line":68}},"s":{"0":2,"1":2,"2":2,"3":1,"4":1,"5":1,"6":0,"7":0,"8":0,"9":0,"10":0,"11":0,"12":0,"13":0,"14":1,"15":0,"16":1,"17":0,"18":1,"19":0},"f":{"0":2,"1":0,"2":0,"3":0,"4":0},"b":{"0":[1,0]},"_coverageSchema":"1a1c01bbd47fc00a2c39e90264f33305004495a9","hash":"6456669d78b1b813007f5a8f1db51b73f98b690b"}
,"D:\\workspace_js\\guidewheelfrontend\\src\\PieChartPage.js": {"path":"D:\\workspace_js\\guidewheelfrontend\\src\\PieChartPage.js","statementMap":{"0":{"start":{"line":9,"column":15},"end":{"line":9,"column":55}},"1":{"start":{"line":10,"column":15},"end":{"line":10,"column":59}},"2":{"start":{"line":12,"column":21},"end":{"line":164,"column":1}},"3":{"start":{"line":13,"column":34},"end":{"line":13,"column":75}},"4":{"start":{"line":14,"column":34},"end":{"line":14,"column":73}},"5":{"start":{"line":16,"column":30},"end":{"line":16,"column":71}},"6":{"start":{"line":17,"column":30},"end":{"line":17,"column":69}},"7":{"start":{"line":19,"column":26},"end":{"line":19,"column":40}},"8":{"start":{"line":21,"column":20},"end":{"line":42,"column":3}},"9":{"start":{"line":22,"column":4},"end":{"line":41,"column":5}},"10":{"start":{"line":23,"column":26},"end":{"line":23,"column":46}},"11":{"start":{"line":24,"column":26},"end":{"line":24,"column":46}},"12":{"start":{"line":25,"column":24},"end":{"line":25,"column":42}},"13":{"start":{"line":26,"column":24},"end":{"line":26,"column":42}},"14":{"start":{"line":28,"column":23},"end":{"line":28,"column":122}},"15":{"start":{"line":29,"column":6},"end":{"line":29,"column":28}},"16":{"start":{"line":31,"column":23},"end":{"line":31,"column":44}},"17":{"start":{"line":32,"column":23},"end":{"line":32,"column":44}},"18":{"start":{"line":33,"column":6},"end":{"line":33,"column":28}},"19":{"start":{"line":34,"column":28},"end":{"line":37,"column":9}},"20":{"start":{"line":34,"column":69},"end":{"line":37,"column":7}},"21":{"start":{"line":38,"column":6},"end":{"line":38,"column":29}},"22":{"start":{"line":40,"column":6},"end":{"line":40,"column":51}},"23":{"start":{"line":44,"column":21},"end":{"line":46,"column":3}},"24":{"start":{"line":45,"column":4},"end":{"line":45,"column":44}},"25":{"start":{"line":48,"column":21},"end":{"line":50,"column":3}},"26":{"start":{"line":49,"column":4},"end":{"line":49,"column":32}},"27":{"start":{"line":52,"column":2},"end":{"line":163,"column":4}},"28":{"start":{"line":127,"column":24},"end":{"line":127,"column":55}},"29":{"start":{"line":128,"column":39},"end":{"line":128,"column":52}},"30":{"start":{"line":130,"column":26},"end":{"line":130,"column":72}},"31":{"start":{"line":131,"column":34},"end":{"line":131,"column":76}},"32":{"start":{"line":132,"column":34},"end":{"line":132,"column":76}},"33":{"start":{"line":134,"column":24},"end":{"line":144,"column":26}},"34":{"start":{"line":148,"column":24},"end":{"line":151,"column":26}}},"fnMap":{"0":{"name":"(anonymous_0)","decl":{"start":{"line":12,"column":21},"end":{"line":12,"column":22}},"loc":{"start":{"line":12,"column":27},"end":{"line":164,"column":1}},"line":12},"1":{"name":"(anonymous_1)","decl":{"start":{"line":21,"column":20},"end":{"line":21,"column":21}},"loc":{"start":{"line":21,"column":32},"end":{"line":42,"column":3}},"line":21},"2":{"name":"(anonymous_2)","decl":{"start":{"line":34,"column":57},"end":{"line":34,"column":58}},"loc":{"start":{"line":34,"column":69},"end":{"line":37,"column":7}},"line":34},"3":{"name":"(anonymous_3)","decl":{"start":{"line":44,"column":21},"end":{"line":44,"column":22}},"loc":{"start":{"line":44,"column":31},"end":{"line":46,"column":3}},"line":44},"4":{"name":"(anonymous_4)","decl":{"start":{"line":48,"column":21},"end":{"line":48,"column":22}},"loc":{"start":{"line":48,"column":31},"end":{"line":50,"column":3}},"line":48},"5":{"name":"(anonymous_5)","decl":{"start":{"line":118,"column":29},"end":{"line":118,"column":30}},"loc":{"start":{"line":126,"column":28},"end":{"line":145,"column":23}},"line":126},"6":{"name":"(anonymous_6)","decl":{"start":{"line":147,"column":45},"end":{"line":147,"column":46}},"loc":{"start":{"line":148,"column":24},"end":{"line":151,"column":26}},"line":148}},"branchMap":{"0":{"loc":{"start":{"line":97,"column":13},"end":{"line":157,"column":13}},"type":"binary-expr","locations":[{"start":{"line":97,"column":13},"end":{"line":97,"column":17}},{"start":{"line":98,"column":14},"end":{"line":156,"column":20}}],"line":97},"1":{"loc":{"start":{"line":139,"column":40},"end":{"line":139,"column":64}},"type":"cond-expr","locations":[{"start":{"line":139,"column":49},"end":{"line":139,"column":56}},{"start":{"line":139,"column":59},"end":{"line":139,"column":64}}],"line":139}},"s":{"0":2,"1":2,"2":2,"3":2,"4":1,"5":1,"6":1,"7":1,"8":1,"9":0,"10":0,"11":0,"12":0,"13":0,"14":0,"15":0,"16":0,"17":0,"18":0,"19":0,"20":0,"21":0,"22":0,"23":1,"24":0,"25":1,"26":0,"27":1,"28":0,"29":0,"30":0,"31":0,"32":0,"33":0,"34":0},"f":{"0":2,"1":0,"2":0,"3":0,"4":0,"5":0,"6":0},"b":{"0":[1,0],"1":[0,0]},"_coverageSchema":"1a1c01bbd47fc00a2c39e90264f33305004495a9","hash":"f22bae6f16800499205fc911ebcc98ed7bb7c277"}
,"D:\\workspace_js\\guidewheelfrontend\\src\\index.js": {"path":"D:\\workspace_js\\guidewheelfrontend\\src\\index.js","statementMap":{"0":{"start":{"line":6,"column":13},"end":{"line":6,"column":65}},"1":{"start":{"line":7,"column":0},"end":{"line":11,"column":2}}},"fnMap":{},"branchMap":{},"s":{"0":0,"1":0},"f":{},"b":{}}
}
