TN:
SF:src\App.js
FN:10,(anonymous_0)
FNF:1
FNH:1
FNDA:2,(anonymous_0)
DA:10,1
DA:11,2
LF:2
LH:2
BRF:0
BRH:0
end_of_record
TN:
SF:src\HomePage.js
FN:1,(anonymous_0)
FNF:1
FNH:1
FNDA:2,(anonymous_0)
DA:1,1
DA:2,2
LF:2
LH:2
BRF:0
BRH:0
end_of_record
TN:
SF:src\LineChartPage.js
FN:20,(anonymous_0)
FN:25,(anonymous_1)
FN:41,(anonymous_2)
FN:45,(anonymous_3)
FN:73,(anonymous_4)
FNF:5
FNH:1
FNDA:2,(anonymous_0)
FNDA:0,(anonymous_1)
FNDA:0,(anonymous_2)
FNDA:0,(anonymous_3)
FNDA:0,(anonymous_4)
DA:18,2
DA:20,2
DA:21,2
DA:22,1
DA:23,1
DA:25,1
DA:26,0
DA:27,0
DA:28,0
DA:30,0
DA:32,0
DA:33,0
DA:35,0
DA:37,0
DA:41,1
DA:42,0
DA:45,1
DA:46,0
DA:49,1
DA:73,0
LF:20
LH:9
BRDA:68,0,0,1
BRDA:68,0,1,0
BRF:2
BRH:1
end_of_record
TN:
SF:src\PieChartPage.js
FN:12,(anonymous_0)
FN:21,(anonymous_1)
FN:34,(anonymous_2)
FN:44,(anonymous_3)
FN:48,(anonymous_4)
FN:118,(anonymous_5)
FN:147,(anonymous_6)
FNF:7
FNH:1
FNDA:2,(anonymous_0)
FNDA:0,(anonymous_1)
FNDA:0,(anonymous_2)
FNDA:0,(anonymous_3)
FNDA:0,(anonymous_4)
FNDA:0,(anonymous_5)
FNDA:0,(anonymous_6)
DA:9,2
DA:10,2
DA:12,2
DA:13,2
DA:14,1
DA:16,1
DA:17,1
DA:19,1
DA:21,1
DA:22,0
DA:23,0
DA:24,0
DA:25,0
DA:26,0
DA:28,0
DA:29,0
DA:31,0
DA:32,0
DA:33,0
DA:34,0
DA:38,0
DA:40,0
DA:44,1
DA:45,0
DA:48,1
DA:49,0
DA:52,1
DA:127,0
DA:128,0
DA:130,0
DA:131,0
DA:132,0
DA:134,0
DA:148,0
LF:34
LH:12
BRDA:97,0,0,1
BRDA:97,0,1,0
BRDA:139,1,0,0
BRDA:139,1,1,0
BRF:4
BRH:1
end_of_record
TN:
SF:src\index.js
FNF:0
FNH:0
DA:6,0
DA:7,0
LF:2
LH:0
BRF:0
BRH:0
end_of_record
